<?xml version="1.0" encoding="UTF-8"?>
<testsuite name="demoqa.tests.RegFormTests" tests="1" skipped="0" failures="0" errors="0" timestamp="2022-05-03T15:30:09" hostname="MacBook-Pro-Valeria.local" time="18.005">
  <properties/>
  <testcase name="fillFormTest()" classname="demoqa.tests.RegFormTests" time="18.005"/>
  <system-out><![CDATA[]]></system-out>
  <system-err><![CDATA[[Test worker] INFO com.codeborne.selenide.impl.WebDriverThreadLocalContainer - No webdriver is bound to current thread: 13 - let's create a new webdriver
[Test worker] INFO com.codeborne.selenide.impl.FileHelper - Creating folder: /Users/phignya/IdeaProjects/pageobjects2/build/downloads/1651591809774_78640_13
[Test worker] INFO io.github.bonigarcia.wdm.WebDriverManager - Using chromedriver 101.0.4951.41 (resolved driver for Chrome 101)
[Test worker] INFO io.github.bonigarcia.wdm.WebDriverManager - Exporting webdriver.chrome.driver as /Users/phignya/.cache/selenium/chromedriver/mac64/101.0.4951.41/chromedriver
Starting ChromeDriver 101.0.4951.41 (93c720db8323b3ec10d056025ab95c23a31997c9-refs/branch-heads/4951@{#904}) on port 57341
Only local connections are allowed.
Please see https://chromedriver.chromium.org/security-considerations for suggestions on keeping ChromeDriver safe.
ChromeDriver was started successfully.
мая 03, 2022 6:30:12 PM org.openqa.selenium.remote.ProtocolHandshake createSession
INFO: Detected dialect: W3C
мая 03, 2022 6:30:12 PM org.openqa.selenium.devtools.CdpVersionFinder findNearestMatch
WARNING: Unable to find an exact match for CDP version 101, so returning the closest version found: 97
мая 03, 2022 6:30:12 PM org.openqa.selenium.devtools.CdpVersionFinder findNearestMatch
INFO: Found CDP implementation for version 101 of 97
[Test worker] INFO com.codeborne.selenide.webdriver.HttpClientTimeouts - Changed connectTimeout from PT10S to PT10S
[Test worker] INFO com.codeborne.selenide.webdriver.HttpClientTimeouts - Changed readTimeout from PT1M30S to PT1M30S
[Test worker] INFO com.codeborne.selenide.webdriver.BrowserResizer - Set browser size to 1440x900
[Test worker] INFO com.codeborne.selenide.webdriver.WebDriverFactory - BrowserName=chrome Version=101.0.4951.54 Platform=MAC
[Test worker] INFO com.codeborne.selenide.webdriver.WebDriverFactory - Selenide v. 6.3.5
[Test worker] INFO com.codeborne.selenide.webdriver.WebDriverFactory - Selenium WebDriver v. 4.1.2 build revision: 9a5a329c5a
[Test worker] INFO com.codeborne.selenide.drivercommands.CreateDriverCommand - Created webdriver in thread 13: ChromeDriver -> ChromeDriver: chrome on MAC (2023887574ef734d8926558dfdd1ef65)
[Test worker] INFO com.codeborne.selenide.impl.WebDriverThreadLocalContainer - Browser and proxy will stay open due to holdBrowserOpen=true: 13 -> ChromeDriver: chrome on MAC (2023887574ef734d8926558dfdd1ef65), null
]]></system-err>
</testsuite>
